\BOOKMARK [1][-]{section.1}{\376\377\000L\000e\000n\000s\000e\000s}{}% 1
\BOOKMARK [2][-]{subsection.1.1}{\376\377\000L\000e\000n\000s\000\040\000E\000q\000u\000a\000t\000i\000o\000n\000s}{section.1}% 2
\BOOKMARK [2][-]{subsection.1.2}{\376\377\000I\000m\000a\000g\000i\000n\000g\000:\000\040\000C\000o\000n\000c\000e\000p\000t\000u\000a\000l}{section.1}% 3
\BOOKMARK [2][-]{subsection.1.3}{\376\377\000I\000m\000a\000g\000i\000n\000g}{section.1}% 4
\BOOKMARK [1][-]{section.2}{\376\377\000F\000o\000u\000r\000i\000e\000r\000\040\000T\000r\000a\000n\000s\000f\000o\000r\000m\000s}{}% 5
\BOOKMARK [2][-]{subsection.2.1}{\376\377\000I\000m\000p\000o\000r\000t\000a\000n\000t\000\040\000E\000x\000a\000m\000p\000l\000e\000s}{section.2}% 6
\BOOKMARK [2][-]{subsection.2.2}{\376\377\0004\000F\000\040\000S\000y\000s\000t\000e\000m\000s}{section.2}% 7
\BOOKMARK [2][-]{subsection.2.3}{\376\377\0004\000F\000\040\000i\000m\000a\000g\000i\000n\000g}{section.2}% 8
\BOOKMARK [1][-]{section.3}{\376\377\000F\000i\000l\000t\000e\000r\000s\000\040\000b\000y\000\040\000e\000y\000e}{}% 9
\BOOKMARK [2][-]{subsection.3.1}{\376\377\000F\000i\000l\000t\000e\000r\000s}{section.3}% 10
\BOOKMARK [2][-]{subsection.3.2}{\376\377\000A\000n\000s\000w\000e\000r\000s}{section.3}% 11
\BOOKMARK [1][-]{section.4}{\376\377\000G\000a\000u\000s\000s\000i\000a\000n\000\040\000M\000o\000d\000e\000s}{}% 12
\BOOKMARK [2][-]{subsection.4.1}{\376\377\000Q\000u\000a\000l\000i\000t\000a\000t\000i\000v\000e\000\040\000Q\000u\000e\000s\000t\000i\000o\000n\000\040\0001}{section.4}% 13
\BOOKMARK [2][-]{subsection.4.2}{\376\377\000Q\000u\000a\000l\000i\000t\000a\000t\000i\000v\000e\000\040\000Q\000u\000e\000s\000t\000i\000o\000n\000\040\0002}{section.4}% 14
\BOOKMARK [2][-]{subsection.4.3}{\376\377\000L\000e\000s\000s\000\040\000Q\000u\000a\000l\000i\000t\000a\000t\000i\000v\000e\000\040\000Q\000u\000e\000s\000t\000i\000o\000n\000\040\0003}{section.4}% 15
\BOOKMARK [1][-]{section.5}{\376\377\000C\000a\000v\000i\000t\000i\000e\000s}{}% 16
\BOOKMARK [1][-]{section.6}{\376\377\000P\000o\000l\000a\000r\000i\000z\000a\000t\000i\000o\000n}{}% 17
\BOOKMARK [2][-]{subsection.6.1}{\376\377\000G\000e\000n\000e\000r\000a\000l\000\040\000Q\000u\000e\000s\000t\000i\000o\000n\000\040\0001}{section.6}% 18
\BOOKMARK [2][-]{subsection.6.2}{\376\377\000G\000e\000n\000e\000r\000a\000l\000\040\000Q\000u\000e\000s\000t\000i\000o\000n}{section.6}% 19
\BOOKMARK [2][-]{subsection.6.3}{\376\377\000P\000o\000l\000a\000r\000i\000z\000a\000t\000i\000o\000n\000\040\000R\000o\000t\000a\000t\000i\000o\000n}{section.6}% 20
\BOOKMARK [1][-]{section.7}{\376\377\000T\000r\000u\000e\000/\000F\000a\000l\000s\000e\000\040\000\050\0001\0005\000p\000\051}{}% 21
